<?xml version="1.0" encoding="UTF-8"?>
<testng-results skipped="0" failed="0" ignored="0" total="1" passed="1">
  <reporter-output>
  </reporter-output>
  <suite name="Default suite" duration-ms="30" started-at="2017-10-08T09:28:13Z" finished-at="2017-10-08T09:28:13Z">
    <groups>
    </groups>
    <test name="Default test" duration-ms="30" started-at="2017-10-08T09:28:13Z" finished-at="2017-10-08T09:28:13Z">
      <class name="com.myDummyApp.FirstProg">
        <test-method status="PASS" signature="run()[pri:0, instance:com.myDummyApp.FirstProg@573f2bb1]" name="run" duration-ms="10" started-at="2017-10-08T14:58:13Z" finished-at="2017-10-08T14:58:13Z">
          <reporter-output>
          </reporter-output>
        </test-method> <!-- run -->
      </class> <!-- com.myDummyApp.FirstProg -->
    </test> <!-- Default test -->
  </suite> <!-- Default suite -->
</testng-results>
